  main.cpp
  Floor.cpp
C:\Users\anand\Documents\GitHub\FlappyBird\Floor.cpp(24,49): warning C4244: 'argument': conversion from 'double' to 'float', possible loss of data
  Game.cpp
C:\Users\anand\Documents\GitHub\FlappyBird\Pipe.h(22,35): warning C4244: 'initializing': conversion from 'double' to 'const float', possible loss of data
C:\Users\anand\Documents\GitHub\FlappyBird\GameState.h(42,28): warning C4244: 'initializing': conversion from 'double' to 'float', possible loss of data
C:\Users\anand\Documents\GitHub\FlappyBird\Game.cpp(17,42): warning C4244: '=': conversion from 'unsigned int' to 'float', possible loss of data
C:\Users\anand\Documents\GitHub\FlappyBird\Game.cpp(18,43): warning C4244: '=': conversion from 'unsigned int' to 'float', possible loss of data
C:\Users\anand\Documents\GitHub\FlappyBird\Game.cpp(19,60): warning C4244: 'argument': conversion from 'float' to 'unsigned int', possible loss of data
C:\Users\anand\Documents\GitHub\FlappyBird\Game.cpp(19,52): warning C4244: 'argument': conversion from 'float' to 'unsigned int', possible loss of data
  GameOver.cpp
C:\Users\anand\Documents\GitHub\FlappyBird\Pipe.h(22,35): warning C4244: 'initializing': conversion from 'double' to 'const float', possible loss of data
C:\Users\anand\Documents\GitHub\FlappyBird\GameState.h(42,28): warning C4244: 'initializing': conversion from 'double' to 'float', possible loss of data
C:\Users\anand\Documents\GitHub\FlappyBird\GameOver.cpp(62,48): warning C4244: 'argument': conversion from 'double' to 'unsigned int', possible loss of data
C:\Users\anand\Documents\GitHub\FlappyBird\GameOver.cpp(63,44): warning C4244: 'argument': conversion from 'double' to 'unsigned int', possible loss of data
C:\Users\anand\Documents\GitHub\FlappyBird\GameOver.cpp(64,44): warning C4244: 'argument': conversion from 'double' to 'unsigned int', possible loss of data
C:\Users\anand\Documents\GitHub\FlappyBird\GameOver.cpp(86,44): warning C4244: 'argument': conversion from 'double' to 'unsigned int', possible loss of data
C:\Users\anand\Documents\GitHub\FlappyBird\GameOver.cpp(87,42): warning C4244: 'argument': conversion from 'double' to 'unsigned int', possible loss of data
C:\Users\anand\Documents\GitHub\FlappyBird\GameOver.cpp(88,41): warning C4244: 'argument': conversion from 'double' to 'unsigned int', possible loss of data
  GameState.cpp
C:\Users\anand\Documents\GitHub\FlappyBird\Pipe.h(22,35): warning C4244: 'initializing': conversion from 'double' to 'const float', possible loss of data
C:\Users\anand\Documents\GitHub\FlappyBird\GameState.h(42,28): warning C4244: 'initializing': conversion from 'double' to 'float', possible loss of data
C:\Users\anand\Documents\GitHub\FlappyBird\GameState.cpp(28,45): warning C4244: 'argument': conversion from 'double' to 'unsigned int', possible loss of data
C:\Users\anand\Documents\GitHub\FlappyBird\GameState.cpp(64,13): warning C4244: '=': conversion from 'double' to 'float', possible loss of data
C:\Users\anand\Documents\GitHub\FlappyBird\GameState.cpp(65,40): warning C4244: '=': conversion from 'double' to 'float', possible loss of data
C:\Users\anand\Documents\GitHub\FlappyBird\GameState.cpp(88,31): warning C4244: '=': conversion from 'double' to 'float', possible loss of data
C:\Users\anand\Documents\GitHub\FlappyBird\GameState.cpp(111,52): warning C4244: '=': conversion from 'double' to 'float', possible loss of data
C:\Users\anand\Documents\GitHub\FlappyBird\GameState.cpp(121,29): warning C4244: '=': conversion from 'double' to 'float', possible loss of data
C:\Users\anand\Documents\GitHub\FlappyBird\GameState.cpp(244,41): warning C4244: '=': conversion from 'double' to 'float', possible loss of data
  MainMenu.cpp
C:\Users\anand\Documents\GitHub\FlappyBird\MainMenu.cpp(19,43): warning C4244: 'argument': conversion from 'double' to 'unsigned int', possible loss of data
C:\Users\anand\Documents\GitHub\FlappyBird\MainMenu.cpp(20,45): warning C4244: 'argument': conversion from 'double' to 'unsigned int', possible loss of data
C:\Users\anand\Documents\GitHub\FlappyBird\MainMenu.cpp(21,43): warning C4244: 'argument': conversion from 'double' to 'unsigned int', possible loss of data
C:\Users\anand\Documents\GitHub\FlappyBird\MainMenu.cpp(22,44): warning C4244: 'argument': conversion from 'float' to 'unsigned int', possible loss of data
  Pipe.cpp
C:\Users\anand\Documents\GitHub\FlappyBird\Pipe.h(22,35): warning C4244: 'initializing': conversion from 'double' to 'const float', possible loss of data
C:\Users\anand\Documents\GitHub\FlappyBird\GameState.h(42,28): warning C4244: 'initializing': conversion from 'double' to 'float', possible loss of data
  PipeMaintainer.cpp
C:\Users\anand\Documents\GitHub\FlappyBird\Pipe.h(22,35): warning C4244: 'initializing': conversion from 'double' to 'const float', possible loss of data
C:\Users\anand\Documents\GitHub\FlappyBird\GameState.h(42,28): warning C4244: 'initializing': conversion from 'double' to 'float', possible loss of data
  Scoreboard.cpp
C:\Users\anand\Documents\GitHub\FlappyBird\Scoreboard.cpp(28,48): warning C4244: 'argument': conversion from 'double' to 'unsigned int', possible loss of data
C:\Users\anand\Documents\GitHub\FlappyBird\Scoreboard.cpp(29,49): warning C4244: 'argument': conversion from 'double' to 'unsigned int', possible loss of data
C:\Users\anand\Documents\GitHub\FlappyBird\Scoreboard.cpp(30,48): warning C4244: 'argument': conversion from 'double' to 'unsigned int', possible loss of data
C:\Users\anand\Documents\GitHub\FlappyBird\Scoreboard.cpp(31,45): warning C4244: 'argument': conversion from 'double' to 'unsigned int', possible loss of data
C:\Users\anand\Documents\GitHub\FlappyBird\Scoreboard.cpp(69,47): warning C4244: 'argument': conversion from 'float' to 'unsigned int', possible loss of data
C:\Users\anand\Documents\GitHub\FlappyBird\Scoreboard.cpp(70,48): warning C4244: 'argument': conversion from 'float' to 'unsigned int', possible loss of data
C:\Users\anand\Documents\GitHub\FlappyBird\Scoreboard.cpp(71,49): warning C4244: 'argument': conversion from 'float' to 'unsigned int', possible loss of data
C:\Users\anand\Documents\GitHub\FlappyBird\Scoreboard.cpp(97,47): warning C4244: 'argument': conversion from 'double' to 'unsigned int', possible loss of data
  Generating code
  Previous IPDB was built with incompatible compiler, fall back to full compilation.
  All 965 functions were compiled because no usable IPDB/IOBJ from previous compilation was found.
  Finished generating code
  FlappyBird.vcxproj -> C:\Users\anand\Documents\GitHub\FlappyBird\Release\FlappyBird.exe
